<?xml version="1.0" encoding="UTF-8"?>
<testng-results ignored="0" total="1" passed="1" failed="0" skipped="0">
  <reporter-output>
  </reporter-output>
  <suite started-at="2020-11-28T19:58:04Z" name="Default Suite" finished-at="2020-11-28T19:58:04Z" duration-ms="110">
    <groups>
    </groups>
    <test started-at="2020-11-28T19:58:04Z" name="JavafxProject" finished-at="2020-11-28T19:58:04Z" duration-ms="110">
      <class name="presentation.RegisterControllerTest">
        <test-method signature="testConfirmPassword()[pri:0, instance:presentation.RegisterControllerTest@3d921e20]" started-at="2020-11-28T19:58:04Z" name="testConfirmPassword" finished-at="2020-11-28T19:58:04Z" duration-ms="34" status="PASS">
          <reporter-output>
          </reporter-output>
        </test-method> <!-- testConfirmPassword -->
      </class> <!-- presentation.RegisterControllerTest -->
    </test> <!-- JavafxProject -->
  </suite> <!-- Default Suite -->
</testng-results>
